<?xml version="1.0" encoding="UTF-8"?>
<coverage generated="1586216016460" clover="3.2.0">
  <project timestamp="1586216016461" name="All files">
    <metrics statements="45" coveredstatements="45" conditionals="2" coveredconditionals="2" methods="12" coveredmethods="12" elements="59" coveredelements="59" complexity="0" loc="45" ncloc="45" packages="1" files="1" classes="1"/>
    <file name="index.js" path="/Users/alishalabi/Desktop/dev/FEW2.1/string-me-up-scotty/index.js">
      <metrics statements="45" coveredstatements="45" conditionals="2" coveredconditionals="2" methods="12" coveredmethods="12"/>
      <line num="2" count="8" type="stmt"/>
      <line num="3" count="8" type="stmt"/>
      <line num="4" count="8" type="stmt"/>
      <line num="8" count="2" type="stmt"/>
      <line num="9" count="2" type="stmt"/>
      <line num="10" count="2" type="stmt"/>
      <line num="14" count="2" type="stmt"/>
      <line num="18" count="8" type="stmt"/>
      <line num="19" count="8" type="stmt"/>
      <line num="20" count="8" type="stmt"/>
      <line num="21" count="86" type="stmt"/>
      <line num="22" count="86" type="stmt"/>
      <line num="24" count="8" type="stmt"/>
      <line num="28" count="2" type="stmt"/>
      <line num="29" count="2" type="stmt"/>
      <line num="30" count="4" type="stmt"/>
      <line num="32" count="2" type="stmt"/>
      <line num="36" count="8" type="stmt"/>
      <line num="37" count="8" type="stmt"/>
      <line num="38" count="25" type="stmt"/>
      <line num="39" count="8" type="stmt"/>
      <line num="43" count="2" type="stmt"/>
      <line num="44" count="2" type="stmt"/>
      <line num="45" count="2" type="stmt"/>
      <line num="46" count="2" type="stmt"/>
      <line num="50" count="2" type="stmt"/>
      <line num="51" count="2" type="stmt"/>
      <line num="52" count="2" type="stmt"/>
      <line num="53" count="2" type="stmt"/>
      <line num="57" count="2" type="stmt"/>
      <line num="58" count="2" type="stmt"/>
      <line num="59" count="2" type="stmt"/>
      <line num="60" count="4" type="cond" truecount="2" falsecount="0"/>
      <line num="61" count="2" type="stmt"/>
      <line num="63" count="2" type="stmt"/>
      <line num="66" count="2" type="stmt"/>
      <line num="71" count="1" type="stmt"/>
      <line num="72" count="1" type="stmt"/>
      <line num="73" count="1" type="stmt"/>
      <line num="74" count="1" type="stmt"/>
      <line num="75" count="1" type="stmt"/>
      <line num="76" count="1" type="stmt"/>
      <line num="77" count="1" type="stmt"/>
      <line num="78" count="1" type="stmt"/>
      <line num="79" count="1" type="stmt"/>
    </file>
  </project>
</coverage>
