{"/Users/alishalabi/Desktop/dev/FEW2.1/string-me-up-scotty/index.js": {"path":"/Users/alishalabi/Desktop/dev/FEW2.1/string-me-up-scotty/index.js","statementMap":{"0":{"start":{"line":2,"column":22},"end":{"line":2,"column":58}},"1":{"start":{"line":3,"column":27},"end":{"line":3,"column":61}},"2":{"start":{"line":4,"column":2},"end":{"line":4,"column":45}},"3":{"start":{"line":8,"column":22},"end":{"line":8,"column":58}},"4":{"start":{"line":9,"column":27},"end":{"line":9,"column":61}},"5":{"start":{"line":10,"column":2},"end":{"line":10,"column":59}},"6":{"start":{"line":14,"column":2},"end":{"line":14,"column":29}},"7":{"start":{"line":18,"column":12},"end":{"line":18,"column":14}},"8":{"start":{"line":19,"column":22},"end":{"line":19,"column":38}},"9":{"start":{"line":20,"column":2},"end":{"line":23,"column":3}},"10":{"start":{"line":20,"column":19},"end":{"line":20,"column":20}},"11":{"start":{"line":21,"column":4},"end":{"line":21,"column":45}},"12":{"start":{"line":22,"column":4},"end":{"line":22,"column":22}},"13":{"start":{"line":24,"column":2},"end":{"line":24,"column":12}},"14":{"start":{"line":28,"column":20},"end":{"line":28,"column":37}},"15":{"start":{"line":29,"column":17},"end":{"line":31,"column":4}},"16":{"start":{"line":30,"column":4},"end":{"line":30,"column":27}},"17":{"start":{"line":32,"column":2},"end":{"line":32,"column":27}},"18":{"start":{"line":36,"column":24},"end":{"line":36,"column":37}},"19":{"start":{"line":37,"column":16},"end":{"line":37,"column":40}},"20":{"start":{"line":38,"column":17},"end":{"line":38,"column":50}},"21":{"start":{"line":38,"column":38},"end":{"line":38,"column":49}},"22":{"start":{"line":39,"column":2},"end":{"line":39,"column":27}},"23":{"start":{"line":43,"column":20},"end":{"line":43,"column":36}},"24":{"start":{"line":44,"column":2},"end":{"line":44,"column":46}},"25":{"start":{"line":45,"column":19},"end":{"line":45,"column":41}},"26":{"start":{"line":46,"column":2},"end":{"line":46,"column":27}},"27":{"start":{"line":50,"column":20},"end":{"line":50,"column":36}},"28":{"start":{"line":51,"column":2},"end":{"line":51,"column":46}},"29":{"start":{"line":52,"column":19},"end":{"line":52,"column":41}},"30":{"start":{"line":53,"column":2},"end":{"line":53,"column":27}},"31":{"start":{"line":57,"column":22},"end":{"line":57,"column":47}},"32":{"start":{"line":58,"column":21},"end":{"line":58,"column":45}},"33":{"start":{"line":59,"column":19},"end":{"line":65,"column":4}},"34":{"start":{"line":60,"column":4},"end":{"line":64,"column":5}},"35":{"start":{"line":61,"column":6},"end":{"line":61,"column":27}},"36":{"start":{"line":63,"column":6},"end":{"line":63,"column":29}},"37":{"start":{"line":66,"column":2},"end":{"line":66,"column":26}},"38":{"start":{"line":71,"column":0},"end":{"line":71,"column":38}},"39":{"start":{"line":72,"column":0},"end":{"line":72,"column":52}},"40":{"start":{"line":73,"column":0},"end":{"line":73,"column":32}},"41":{"start":{"line":74,"column":0},"end":{"line":74,"column":34}},"42":{"start":{"line":75,"column":0},"end":{"line":75,"column":48}},"43":{"start":{"line":76,"column":0},"end":{"line":76,"column":52}},"44":{"start":{"line":77,"column":0},"end":{"line":77,"column":36}},"45":{"start":{"line":78,"column":0},"end":{"line":78,"column":36}},"46":{"start":{"line":79,"column":0},"end":{"line":79,"column":36}}},"fnMap":{"0":{"name":"capitalize","decl":{"start":{"line":1,"column":9},"end":{"line":1,"column":19}},"loc":{"start":{"line":1,"column":28},"end":{"line":5,"column":1}},"line":1},"1":{"name":"reverseCapitalize","decl":{"start":{"line":7,"column":9},"end":{"line":7,"column":26}},"loc":{"start":{"line":7,"column":35},"end":{"line":11,"column":1}},"line":7},"2":{"name":"allCaps","decl":{"start":{"line":13,"column":9},"end":{"line":13,"column":16}},"loc":{"start":{"line":13,"column":25},"end":{"line":15,"column":1}},"line":13},"3":{"name":"allLower","decl":{"start":{"line":17,"column":9},"end":{"line":17,"column":17}},"loc":{"start":{"line":17,"column":26},"end":{"line":25,"column":1}},"line":17},"4":{"name":"capitalizeWords","decl":{"start":{"line":27,"column":9},"end":{"line":27,"column":24}},"loc":{"start":{"line":27,"column":33},"end":{"line":33,"column":1}},"line":27},"5":{"name":"(anonymous_5)","decl":{"start":{"line":29,"column":31},"end":{"line":29,"column":32}},"loc":{"start":{"line":29,"column":39},"end":{"line":31,"column":3}},"line":29},"6":{"name":"removeExtraSpaces","decl":{"start":{"line":35,"column":9},"end":{"line":35,"column":26}},"loc":{"start":{"line":35,"column":35},"end":{"line":40,"column":1}},"line":35},"7":{"name":"(anonymous_7)","decl":{"start":{"line":38,"column":30},"end":{"line":38,"column":31}},"loc":{"start":{"line":38,"column":38},"end":{"line":38,"column":49}},"line":38},"8":{"name":"kabobCase","decl":{"start":{"line":42,"column":9},"end":{"line":42,"column":18}},"loc":{"start":{"line":42,"column":27},"end":{"line":47,"column":1}},"line":42},"9":{"name":"snakeCase","decl":{"start":{"line":49,"column":9},"end":{"line":49,"column":18}},"loc":{"start":{"line":49,"column":27},"end":{"line":54,"column":1}},"line":49},"10":{"name":"camelCase","decl":{"start":{"line":56,"column":9},"end":{"line":56,"column":18}},"loc":{"start":{"line":56,"column":27},"end":{"line":67,"column":1}},"line":56},"11":{"name":"(anonymous_11)","decl":{"start":{"line":59,"column":34},"end":{"line":59,"column":35}},"loc":{"start":{"line":59,"column":42},"end":{"line":65,"column":3}},"line":59}},"branchMap":{"0":{"loc":{"start":{"line":60,"column":4},"end":{"line":64,"column":5}},"type":"if","locations":[{"start":{"line":60,"column":4},"end":{"line":64,"column":5}},{"start":{"line":60,"column":4},"end":{"line":64,"column":5}}],"line":60}},"s":{"0":8,"1":8,"2":8,"3":2,"4":2,"5":2,"6":2,"7":8,"8":8,"9":8,"10":8,"11":86,"12":86,"13":8,"14":2,"15":2,"16":4,"17":2,"18":8,"19":8,"20":8,"21":25,"22":8,"23":2,"24":2,"25":2,"26":2,"27":2,"28":2,"29":2,"30":2,"31":2,"32":2,"33":2,"34":4,"35":2,"36":2,"37":2,"38":1,"39":1,"40":1,"41":1,"42":1,"43":1,"44":1,"45":1,"46":1},"f":{"0":8,"1":2,"2":2,"3":8,"4":2,"5":4,"6":8,"7":25,"8":2,"9":2,"10":2,"11":4},"b":{"0":[2,2]},"_coverageSchema":"1a1c01bbd47fc00a2c39e90264f33305004495a9","hash":"4d1bc801bcd8c426de79e62d2e2cead585947365"}
}
