TN:
SF:index.js
FN:1,capitalize
FN:7,reverseCapitalize
FN:13,allCaps
FN:17,allLower
FN:27,capitalizeWords
FN:29,(anonymous_5)
FN:35,removeExtraSpaces
FN:38,(anonymous_7)
FN:42,kabobCase
FN:49,snakeCase
FN:56,camelCase
FN:59,(anonymous_11)
FNF:12
FNH:12
FNDA:8,capitalize
FNDA:2,reverseCapitalize
FNDA:2,allCaps
FNDA:8,allLower
FNDA:2,capitalizeWords
FNDA:4,(anonymous_5)
FNDA:8,removeExtraSpaces
FNDA:25,(anonymous_7)
FNDA:2,kabobCase
FNDA:2,snakeCase
FNDA:2,camelCase
FNDA:4,(anonymous_11)
DA:2,8
DA:3,8
DA:4,8
DA:8,2
DA:9,2
DA:10,2
DA:14,2
DA:18,8
DA:19,8
DA:20,8
DA:21,86
DA:22,86
DA:24,8
DA:28,2
DA:29,2
DA:30,4
DA:32,2
DA:36,8
DA:37,8
DA:38,25
DA:39,8
DA:43,2
DA:44,2
DA:45,2
DA:46,2
DA:50,2
DA:51,2
DA:52,2
DA:53,2
DA:57,2
DA:58,2
DA:59,2
DA:60,4
DA:61,2
DA:63,2
DA:66,2
DA:71,1
DA:72,1
DA:73,1
DA:74,1
DA:75,1
DA:76,1
DA:77,1
DA:78,1
DA:79,1
LF:45
LH:45
BRDA:60,0,0,2
BRDA:60,0,1,2
BRF:2
BRH:2
end_of_record
